<?xml version="1.0" encoding="UTF-8"?>
<!-- Generated by org.testng.reporters.JUnitReportReporter -->
<testsuite skipped="0" hostname="DESKTOP-KO32RFL" name="apitesting.JacksonAPITest" tests="1" failures="0" timestamp="28 Apr 2018 22:25:13 GMT" time="0.179" errors="0">
  <testcase name="testAPIAttributes" time="0.179" classname="apitesting.JacksonAPITest"/>
</testsuite> <!-- apitesting.JacksonAPITest -->
